0 info it worked if it ends with ok
1 verbose cli [ 'C:\\Program Files\\nodejs\\node.exe',
1 verbose cli   'C:\\Users\\drbak\\AppData\\Roaming\\npm\\node_modules\\npm\\bin\\npm-cli.js',
1 verbose cli   'run',
1 verbose cli   'test:watch' ]
2 info using npm@4.0.5
3 info using node@v6.9.2
4 verbose run-script [ 'pretest:watch', 'test:watch', 'posttest:watch' ]
5 info lifecycle react-boilerplate@3.4.0~pretest:watch: react-boilerplate@3.4.0
6 silly lifecycle react-boilerplate@3.4.0~pretest:watch: no script for pretest:watch, continuing
7 info lifecycle react-boilerplate@3.4.0~test:watch: react-boilerplate@3.4.0
8 verbose lifecycle react-boilerplate@3.4.0~test:watch: unsafe-perm in lifecycle true
9 verbose lifecycle react-boilerplate@3.4.0~test:watch: PATH: C:\Users\drbak\AppData\Roaming\npm\node_modules\npm\bin\node-gyp-bin;B:\Development-B\brainsandspaceweekly\_src\cabinets_3\node_modules\.bin;C:\tools\ruby22\bin;C:\ProgramData\Oracle\Java\javapath;C:\Program Files (x86)\Common Files\Intel\Shared Libraries\redist\intel64\compiler;C:\Program Files (x86)\Oculus\Support\oculus-runtime;C:\Program Files (x86)\Intel\iCLS Client\;C:\Program Files\Intel\iCLS Client\;C:\Windows\system32;C:\Windows;C:\Windows\System32\Wbem;C:\Windows\System32\WindowsPowerShell\v1.0\;C:\Program Files (x86)\GtkSharp\2.12\bin;C:\Program Files (x86)\NVIDIA Corporation\PhysX\Common;C:\Program Files (x86)\Intel\Intel(R) Management Engine Components\DAL;C:\Program Files\Intel\Intel(R) Management Engine Components\DAL;C:\Program Files (x86)\Intel\Intel(R) Management Engine Components\IPT;C:\Program Files\Intel\Intel(R) Management Engine Components\IPT;C:\Program Files (x86)\QuickTime\QTSystem\;C:\Users\drbak\.dnx\bin;C:\Program Files\Microsoft DNX\Dnvm\;C:\Program Files\Microsoft SQL Server\120\Tools\Binn\;C:\Program Files\Microsoft SQL Server\130\Tools\Binn\;C:\Program Files (x86)\Windows Kits\10\Windows Performance Toolkit\;C:\Program Files (x86)\Skype\Phone\;C:\Program Files\Git\cmd;C:\WINDOWS\system32;C:\WINDOWS;C:\WINDOWS\System32\Wbem;C:\WINDOWS\System32\WindowsPowerShell\v1.0\;C:\Program Files (x86)\Heroku\bin;C:\Program Files (x86)\git\cmd;C:\Program Files (x86)\Git\cmd;C:\ProgramData\chocolatey\bin;C:\Program Files\nodejs\;C:\Users\drbak\.dnx\bin;C:\Program Files (x86)\Microsoft VS Code\bin;C:\Program Files\Docker Toolbox;C:\Users\drbak\.babun;C:\Users\drbak\AppData\Local\Microsoft\WindowsApps;C:\Program Files (x86)\Microsoft VS Code Insiders\bin;C:\Users\drbak\AppData\Roaming\npm
10 verbose lifecycle react-boilerplate@3.4.0~test:watch: CWD: B:\Development-B\brainsandspaceweekly\_src\cabinets_3
11 silly lifecycle react-boilerplate@3.4.0~test:watch: Args: [ '/d /s /c', 'cross-env NODE_ENV=test jest --watchAll' ]
12 silly lifecycle react-boilerplate@3.4.0~test:watch: Returned: code: 1  signal: null
13 info lifecycle react-boilerplate@3.4.0~test:watch: Failed to exec test:watch script
14 verbose stack Error: react-boilerplate@3.4.0 test:watch: `cross-env NODE_ENV=test jest --watchAll`
14 verbose stack Exit status 1
14 verbose stack     at EventEmitter.<anonymous> (C:\Users\drbak\AppData\Roaming\npm\node_modules\npm\lib\utils\lifecycle.js:279:16)
14 verbose stack     at emitTwo (events.js:106:13)
14 verbose stack     at EventEmitter.emit (events.js:191:7)
14 verbose stack     at ChildProcess.<anonymous> (C:\Users\drbak\AppData\Roaming\npm\node_modules\npm\lib\utils\spawn.js:40:14)
14 verbose stack     at emitTwo (events.js:106:13)
14 verbose stack     at ChildProcess.emit (events.js:191:7)
14 verbose stack     at maybeClose (internal/child_process.js:877:16)
14 verbose stack     at Process.ChildProcess._handle.onexit (internal/child_process.js:226:5)
15 verbose pkgid react-boilerplate@3.4.0
16 verbose cwd B:\Development-B\brainsandspaceweekly\_src\cabinets_3
17 error Windows_NT 10.0.14393
18 error argv "C:\\Program Files\\nodejs\\node.exe" "C:\\Users\\drbak\\AppData\\Roaming\\npm\\node_modules\\npm\\bin\\npm-cli.js" "run" "test:watch"
19 error node v6.9.2
20 error npm  v4.0.5
21 error code ELIFECYCLE
22 error react-boilerplate@3.4.0 test:watch: `cross-env NODE_ENV=test jest --watchAll`
22 error Exit status 1
23 error Failed at the react-boilerplate@3.4.0 test:watch script 'cross-env NODE_ENV=test jest --watchAll'.
23 error Make sure you have the latest version of node.js and npm installed.
23 error If you do, this is most likely a problem with the react-boilerplate package,
23 error not with npm itself.
23 error Tell the author that this fails on your system:
23 error     cross-env NODE_ENV=test jest --watchAll
23 error You can get information on how to open an issue for this project with:
23 error     npm bugs react-boilerplate
23 error Or if that isn't available, you can get their info via:
23 error     npm owner ls react-boilerplate
23 error There is likely additional logging output above.
24 verbose exit [ 1, true ]
